
> @whatsou/mobile@0.1.0 build
> next build

   Creating an optimized production build ...
Browserslist: caniuse-lite is outdated. Please run:
  npx update-browserslist-db@latest
  Why you should do it regularly: https://github.com/browserslist/update-db#readme
 ✓ Compiled successfully
   Skipping validation of types
   Skipping linting
   Collecting page data ...
   Generating static pages (0/13) ...
   Generating static pages (3/13) 
   Generating static pages (6/13) 
   Generating static pages (9/13) 
 ✓ Generating static pages (13/13) 
   Finalizing page optimization ...
   Collecting build traces ...

Route (app)                              Size     First Load JS
┌ ○ /                                    1.96 kB        86.7 kB
├ ○ /_not-found                          877 B          81.9 kB
├ ○ /dashboard                           37.1 kB         231 kB
├ ○ /dashboard/customers                 3.98 kB         113 kB
├ ○ /dashboard/orders                    12.8 kB         149 kB
├ ○ /dashboard/settings                  16.5 kB         211 kB
├ ○ /dashboard/subscription              5.75 kB        96.1 kB
├ ○ /login                               2.77 kB        94.5 kB
├ ○ /onboarding                          8.8 kB          174 kB
├ ○ /privacy                             141 B          81.2 kB
└ ○ /signup                              4.43 kB         105 kB
+ First Load JS shared by all            81 kB
  ├ chunks/1053-f8be50a319562445.js      27.6 kB
  ├ chunks/1dd3208c-b6638105bd4644a4.js  51.1 kB
  ├ chunks/main-app-58e66d8dd22651fa.js  233 B
  └ chunks/webpack-54944053052d411e.js   2.12 kB


○  (Static)  automatically rendered as static HTML (uses no initial props)

